<?xml version="1.0" encoding="UTF-8"?>
<!-- Generated by org.testng.reporters.JUnitXMLReporter -->
<testsuite hostname="Akash" ignored="0" name="Test" tests="2" failures="1" timestamp="26 Jun 2022 11:13:03 GMT" time="53.511" errors="0">
  <testcase name="signUser" time="44.701" classname="com.cjc.test.AutomationTest"/>
  <testcase name="registerDetails" time="0.0" classname="com.cjc.test.AutomationTest">
    <failure type="org.testng.TestNGException" message="
Method public void com.cjc.test.AutomationTest.registerDetails(java.lang.String,java.lang.String,java.lang.String,java.lang.String,java.lang.String,java.lang.String,java.lang.String,java.lang.String,java.lang.String) throws java.io.IOException,java.lang.InterruptedException requires a @DataProvider named : rgisterData2">
      <![CDATA[org.testng.TestNGException: 
Method public void com.cjc.test.AutomationTest.registerDetails(java.lang.String,java.lang.String,java.lang.String,java.lang.String,java.lang.String,java.lang.String,java.lang.String,java.lang.String,java.lang.String) throws java.io.IOException,java.lang.InterruptedException requires a @DataProvider named : rgisterData2
... Removed 22 stack frames]]>
    </failure>
  </testcase> <!-- registerDetails -->
</testsuite> <!-- Test -->
